mode: set
alta/book-api/api/common/dresponse.go:10.52,15.2 1 1
alta/book-api/api/common/dresponse.go:18.55,23.2 1 1
alta/book-api/api/common/dresponse.go:26.44,31.2 1 1
alta/book-api/api/common/dresponse.go:34.46,39.2 1 1
alta/book-api/api/common/dresponse.go:42.44,47.2 1 1
alta/book-api/api/controllers/customer/customer.go:16.68,20.2 1 1
alta/book-api/api/controllers/customer/customer.go:22.78,24.16 2 1
alta/book-api/api/controllers/customer/customer.go:28.2,28.40 1 1
alta/book-api/api/controllers/customer/customer.go:24.16,26.3 1 0
alta/book-api/api/controllers/customer/customer.go:31.75,34.16 2 1
alta/book-api/api/controllers/customer/customer.go:38.2,39.16 2 1
alta/book-api/api/controllers/customer/customer.go:43.2,48.40 2 1
alta/book-api/api/controllers/customer/customer.go:34.16,36.3 1 0
alta/book-api/api/controllers/customer/customer.go:39.16,41.3 1 0
alta/book-api/api/controllers/customer/customer.go:51.76,55.49 2 1
alta/book-api/api/controllers/customer/customer.go:59.2,67.16 3 1
alta/book-api/api/controllers/customer/customer.go:71.2,71.68 1 1
alta/book-api/api/controllers/customer/customer.go:55.49,57.3 1 0
alta/book-api/api/controllers/customer/customer.go:67.16,69.3 1 0
alta/book-api/api/controllers/customer/customer.go:74.76,77.16 2 1
alta/book-api/api/controllers/customer/customer.go:82.2,83.49 2 1
alta/book-api/api/controllers/customer/customer.go:87.2,93.71 2 1
alta/book-api/api/controllers/customer/customer.go:97.2,97.68 1 1
alta/book-api/api/controllers/customer/customer.go:77.16,79.3 1 0
alta/book-api/api/controllers/customer/customer.go:83.49,85.3 1 0
alta/book-api/api/controllers/customer/customer.go:93.71,95.3 1 0
alta/book-api/api/controllers/customer/customer.go:100.78,103.16 2 1
alta/book-api/api/controllers/customer/customer.go:107.2,107.63 1 1
alta/book-api/api/controllers/customer/customer.go:111.2,111.68 1 1
alta/book-api/api/controllers/customer/customer.go:103.16,105.3 1 0
alta/book-api/api/controllers/customer/customer.go:107.63,109.3 1 0
