mode: set
alta/book-api/api/common/dresponse.go:10.55,15.2 1 1
alta/book-api/api/common/dresponse.go:18.44,23.2 1 1
alta/book-api/api/common/dresponse.go:26.46,31.2 1 1
alta/book-api/api/common/dresponse.go:34.44,39.2 1 1
alta/book-api/api/controllers/user/request/request.go:13.53,17.16 3 0
alta/book-api/api/controllers/user/request/request.go:21.2,21.12 1 0
alta/book-api/api/controllers/user/request/request.go:17.16,19.3 1 0
alta/book-api/models/userModelGorm.go:9.47,11.2 1 0
alta/book-api/models/userModelGorm.go:13.47,15.48 2 0
alta/book-api/models/userModelGorm.go:18.2,18.19 1 0
alta/book-api/models/userModelGorm.go:15.48,17.3 1 0
alta/book-api/models/userModelGorm.go:21.57,22.47 1 0
alta/book-api/models/userModelGorm.go:25.2,25.18 1 0
alta/book-api/models/userModelGorm.go:22.47,24.3 1 0
alta/book-api/api/controllers/user/response/response.go:11.62,15.2 1 0
alta/book-api/api/controllers/user/response/response.go:22.61,27.2 1 0
alta/book-api/api/router.go:9.66,12.2 2 0
alta/book-api/config/config.go:27.29,31.22 3 0
alta/book-api/config/config.go:35.2,35.18 1 0
alta/book-api/config/config.go:31.22,33.3 1 0
alta/book-api/config/config.go:38.30,52.45 12 0
alta/book-api/config/config.go:57.2,59.16 3 0
alta/book-api/config/config.go:64.2,64.21 1 0
alta/book-api/config/config.go:52.45,55.3 1 0
alta/book-api/config/config.go:59.16,62.3 2 0
alta/book-api/util/dbdriver.go:12.65,24.16 4 0
alta/book-api/util/dbdriver.go:31.2,31.11 1 0
alta/book-api/util/dbdriver.go:24.16,26.13 2 0
alta/book-api/app/main.go:16.13,38.41 8 0
alta/book-api/app/main.go:38.41,40.3 1 0
alta/book-api/api/controllers/user/controller.go:17.60,21.2 1 0
alta/book-api/api/controllers/user/controller.go:23.61,26.16 2 0
alta/book-api/api/controllers/user/controller.go:30.2,32.38 2 0
alta/book-api/api/controllers/user/controller.go:26.16,28.3 1 0
alta/book-api/api/controllers/user/controller.go:35.62,38.45 2 0
alta/book-api/api/controllers/user/controller.go:43.2,45.31 2 0
alta/book-api/api/controllers/user/controller.go:50.2,58.16 3 0
alta/book-api/api/controllers/user/controller.go:62.2,64.38 2 0
alta/book-api/api/controllers/user/controller.go:38.45,40.3 1 0
alta/book-api/api/controllers/user/controller.go:45.31,47.3 1 0
alta/book-api/api/controllers/user/controller.go:58.16,60.3 1 0
alta/book-api/api/controllers/user/request/request.go:13.53,17.16 3 1
alta/book-api/api/controllers/user/request/request.go:21.2,21.12 1 0
alta/book-api/api/controllers/user/request/request.go:17.16,19.3 1 1
alta/book-api/config/config.go:27.29,31.22 3 1
alta/book-api/config/config.go:35.2,35.18 1 1
alta/book-api/config/config.go:31.22,33.3 1 1
alta/book-api/config/config.go:38.30,52.45 12 1
alta/book-api/config/config.go:57.2,59.16 3 0
alta/book-api/config/config.go:64.2,64.21 1 0
alta/book-api/config/config.go:52.45,55.3 1 1
alta/book-api/config/config.go:59.16,62.3 2 0
alta/book-api/app/main.go:16.13,38.41 8 0
alta/book-api/app/main.go:38.41,40.3 1 0
alta/book-api/api/common/dresponse.go:10.55,15.2 1 0
alta/book-api/api/common/dresponse.go:18.44,23.2 1 0
alta/book-api/api/common/dresponse.go:26.46,31.2 1 0
alta/book-api/api/common/dresponse.go:34.44,39.2 1 0
alta/book-api/models/userModelGorm.go:9.47,11.2 1 1
alta/book-api/models/userModelGorm.go:13.47,15.48 2 1
alta/book-api/models/userModelGorm.go:18.2,18.19 1 1
alta/book-api/models/userModelGorm.go:15.48,17.3 1 0
alta/book-api/models/userModelGorm.go:21.57,22.47 1 1
alta/book-api/models/userModelGorm.go:25.2,25.18 1 1
alta/book-api/models/userModelGorm.go:22.47,24.3 1 0
alta/book-api/api/controllers/user/response/response.go:11.62,15.2 1 1
alta/book-api/api/controllers/user/response/response.go:22.61,27.2 1 1
alta/book-api/api/router.go:9.66,12.2 2 0
alta/book-api/util/dbdriver.go:12.65,24.16 4 1
alta/book-api/util/dbdriver.go:31.2,31.11 1 1
alta/book-api/util/dbdriver.go:24.16,26.13 2 0
alta/book-api/api/controllers/user/controller.go:17.60,21.2 1 1
alta/book-api/api/controllers/user/controller.go:23.61,26.16 2 1
alta/book-api/api/controllers/user/controller.go:30.2,32.38 2 1
alta/book-api/api/controllers/user/controller.go:26.16,28.3 1 0
alta/book-api/api/controllers/user/controller.go:35.62,38.45 2 1
alta/book-api/api/controllers/user/controller.go:43.2,45.31 2 1
alta/book-api/api/controllers/user/controller.go:50.2,58.16 3 1
alta/book-api/api/controllers/user/controller.go:62.2,64.38 2 1
alta/book-api/api/controllers/user/controller.go:38.45,40.3 1 0
alta/book-api/api/controllers/user/controller.go:45.31,47.3 1 0
alta/book-api/api/controllers/user/controller.go:58.16,60.3 1 0
