mode: set
alta/book-api/api/controllers/customer/controller.go:16.68,20.2 1 0
alta/book-api/api/controllers/customer/controller.go:22.60,24.16 2 0
alta/book-api/api/controllers/customer/controller.go:28.2,28.40 1 0
alta/book-api/api/controllers/customer/controller.go:24.16,26.3 1 0
alta/book-api/api/controllers/customer/controller.go:31.60,34.16 2 0
alta/book-api/api/controllers/customer/controller.go:38.2,39.22 2 0
alta/book-api/api/controllers/customer/controller.go:43.2,53.40 3 0
alta/book-api/api/controllers/customer/controller.go:34.16,36.3 1 0
alta/book-api/api/controllers/customer/controller.go:39.22,41.3 1 0
alta/book-api/api/controllers/customer/controller.go:56.61,65.45 3 0
alta/book-api/api/controllers/customer/controller.go:69.2,77.16 3 0
alta/book-api/api/controllers/customer/controller.go:81.2,81.68 1 0
alta/book-api/api/controllers/customer/controller.go:65.45,67.3 1 0
alta/book-api/api/controllers/customer/controller.go:77.16,79.3 1 0
alta/book-api/api/router.go:9.74,13.2 3 0
alta/book-api/api/common/dresponse.go:9.52,13.2 1 1
alta/book-api/api/common/dresponse.go:16.55,20.2 1 1
alta/book-api/api/common/dresponse.go:23.44,27.2 1 1
alta/book-api/api/common/dresponse.go:30.46,34.2 1 1
alta/book-api/api/common/dresponse.go:37.44,41.2 1 1
alta/book-api/api/controllers/customer/controller.go:16.68,20.2 1 1
alta/book-api/api/controllers/customer/controller.go:22.60,24.16 2 1
alta/book-api/api/controllers/customer/controller.go:28.2,28.40 1 1
alta/book-api/api/controllers/customer/controller.go:24.16,26.3 1 0
alta/book-api/api/controllers/customer/controller.go:31.60,34.16 2 1
alta/book-api/api/controllers/customer/controller.go:38.2,39.22 2 1
alta/book-api/api/controllers/customer/controller.go:43.2,53.40 3 1
alta/book-api/api/controllers/customer/controller.go:34.16,36.3 1 0
alta/book-api/api/controllers/customer/controller.go:39.22,41.3 1 0
alta/book-api/api/controllers/customer/controller.go:56.61,65.45 3 1
alta/book-api/api/controllers/customer/controller.go:69.2,77.16 3 1
alta/book-api/api/controllers/customer/controller.go:81.2,81.68 1 1
alta/book-api/api/controllers/customer/controller.go:65.45,67.3 1 0
alta/book-api/api/controllers/customer/controller.go:77.16,79.3 1 0
alta/book-api/api/common/dresponse.go:9.52,13.2 1 1
alta/book-api/api/common/dresponse.go:16.55,20.2 1 0
alta/book-api/api/common/dresponse.go:23.44,27.2 1 0
alta/book-api/api/common/dresponse.go:30.46,34.2 1 0
alta/book-api/api/common/dresponse.go:37.44,41.2 1 0
alta/book-api/api/router.go:9.74,13.2 3 0
